2023-10-24 07:32:42 Loading main app package /usr/lib/obsidian/obsidian.asar
2023-10-24 07:32:43 Checking for update using Github
2023-10-24 07:32:43 Success.
2023-10-24 07:32:43 Latest version is 1.4.16
2023-10-24 07:32:43 App is up to date.
2023-10-24 11:27:35 Loading main app package /usr/lib/obsidian/obsidian.asar
2023-10-24 11:27:35 Checking for update using Github
2023-10-24 11:27:35 Success.
2023-10-24 11:27:35 Latest version is 1.4.16
2023-10-24 11:27:35 App is up to date.
2023-10-24 12:27:35 Checking for update using Github
2023-10-24 12:27:35 Success.
2023-10-24 12:27:35 Latest version is 1.4.16
2023-10-24 12:27:35 App is up to date.
2023-10-27 06:15:28 Loading main app package /usr/lib/obsidian/obsidian.asar
2023-10-27 06:15:28 Checking for update using Github
2023-10-27 06:15:28 Failed to check for update using Github (net::ERR_INTERNET_DISCONNECTED)
2023-10-27 06:15:29 Checking for update using obsidian.md
2023-10-27 06:15:29 Failed to check for update using obsidian.md (net::ERR_INTERNET_DISCONNECTED)
2023-10-27 07:28:02 Checking for update using Github
2023-10-27 07:28:02 Success.
2023-10-27 07:28:02 Latest version is 1.4.16
2023-10-27 07:28:02 App is up to date.
2023-10-27 08:52:00 Checking for update using Github
2023-10-27 08:52:01 Success.
2023-10-27 08:52:01 Latest version is 1.4.16
2023-10-27 08:52:01 App is up to date.
2023-10-27 09:41:24 Loading main app package /usr/lib/obsidian/obsidian.asar
2023-10-27 09:41:24 Checking for update using Github
2023-10-27 09:41:25 Success.
2023-10-27 09:41:25 Latest version is 1.4.16
2023-10-27 09:41:25 App is up to date.
2023-10-31 11:15:18 Loading main app package /usr/lib/obsidian/obsidian.asar
2023-10-31 11:15:18 Checking for update using Github
2023-10-31 11:15:18 Failed to check for update using Github (net::ERR_INTERNET_DISCONNECTED)
2023-10-31 11:15:18 Checking for update using obsidian.md
2023-10-31 11:15:18 Failed to check for update using obsidian.md (net::ERR_INTERNET_DISCONNECTED)
2023-10-31 12:24:39 Checking for update using Github
2023-10-31 12:24:39 Success.
2023-10-31 12:24:39 Latest version is 1.4.16
2023-10-31 12:24:39 App is up to date.
2023-11-06 15:53:04 Loading main app package /usr/lib/obsidian/obsidian.asar
2023-11-06 15:53:04 Checking for update using Github
2023-11-06 15:53:04 Failed to check for update using Github (net::ERR_INTERNET_DISCONNECTED)
2023-11-06 15:53:04 Checking for update using obsidian.md
2023-11-06 15:53:04 Failed to check for update using obsidian.md (net::ERR_INTERNET_DISCONNECTED)
2023-11-06 16:53:21 Checking for update using Github
2023-11-06 16:53:21 Success.
2023-11-06 16:53:21 Latest version is 1.4.16
2023-11-06 16:53:21 App is up to date.
2023-11-06 17:53:21 Checking for update using Github
2023-11-06 17:53:21 Success.
2023-11-06 17:53:21 Latest version is 1.4.16
2023-11-06 17:53:21 App is up to date.
2023-11-06 18:53:21 Checking for update using Github
2023-11-06 18:53:21 Success.
2023-11-06 18:53:21 Latest version is 1.4.16
2023-11-06 18:53:21 App is up to date.
2023-11-07 11:16:09 Loading main app package /usr/lib/obsidian/obsidian.asar
2023-11-07 11:16:09 Checking for update using Github
2023-11-07 11:16:09 Failed to check for update using Github (net::ERR_INTERNET_DISCONNECTED)
2023-11-07 11:16:09 Checking for update using obsidian.md
2023-11-07 11:16:09 Failed to check for update using obsidian.md (net::ERR_INTERNET_DISCONNECTED)
2023-11-07 12:39:53 Checking for update using Github
2023-11-07 12:39:53 Success.
2023-11-07 12:39:53 Latest version is 1.4.16
2023-11-07 12:39:53 App is up to date.
2023-11-08 12:05:45 Loading main app package /usr/lib/obsidian/obsidian.asar
2023-11-08 12:05:45 Checking for update using Github
2023-11-08 12:05:45 Failed to check for update using Github (net::ERR_INTERNET_DISCONNECTED)
2023-11-08 12:05:45 Checking for update using obsidian.md
2023-11-08 12:05:45 Failed to check for update using obsidian.md (net::ERR_INTERNET_DISCONNECTED)
2023-11-10 11:19:11 Loading main app package /usr/lib/obsidian/obsidian.asar
2023-11-10 11:19:12 Checking for update using Github
2023-11-10 11:19:12 Success.
2023-11-10 11:19:12 Latest version is 1.4.16
2023-11-10 11:19:12 App is up to date.
2023-11-10 12:30:21 Checking for update using Github
2023-11-10 12:30:21 Success.
2023-11-10 12:30:21 Latest version is 1.4.16
2023-11-10 12:30:21 App is up to date.
2023-11-14 11:11:27 Loading main app package /usr/lib/obsidian/obsidian.asar
2023-11-14 11:11:27 Checking for update using Github
2023-11-14 11:11:27 Failed to check for update using Github (net::ERR_INTERNET_DISCONNECTED)
2023-11-14 11:11:27 Checking for update using obsidian.md
2023-11-14 11:11:27 Failed to check for update using obsidian.md (net::ERR_INTERNET_DISCONNECTED)
2023-11-14 12:17:06 Checking for update using Github
2023-11-14 12:17:06 Failed to check for update using Github (net::ERR_INTERNET_DISCONNECTED)
2023-11-14 12:17:06 Checking for update using obsidian.md
2023-11-14 12:17:06 Failed to check for update using obsidian.md (net::ERR_INTERNET_DISCONNECTED)
2023-11-14 13:17:06 Checking for update using Github
2023-11-14 13:17:06 Failed to check for update using Github (net::ERR_INTERNET_DISCONNECTED)
2023-11-14 13:17:06 Checking for update using obsidian.md
2023-11-14 13:17:06 Failed to check for update using obsidian.md (net::ERR_INTERNET_DISCONNECTED)
2023-11-19 15:08:03 Loading main app package /usr/lib/obsidian/obsidian.asar
2023-11-19 15:08:04 Checking for update using Github
2023-11-19 15:08:04 Failed to check for update using Github (net::ERR_INTERNET_DISCONNECTED)
2023-11-19 15:08:04 Checking for update using obsidian.md
2023-11-19 15:08:04 Failed to check for update using obsidian.md (net::ERR_INTERNET_DISCONNECTED)
2023-11-19 16:34:15 Checking for update using Github
2023-11-19 16:34:15 Failed to check for update using Github (net::ERR_INTERNET_DISCONNECTED)
2023-11-19 16:34:15 Checking for update using obsidian.md
2023-11-19 16:34:15 Failed to check for update using obsidian.md (net::ERR_INTERNET_DISCONNECTED)
2023-12-11 16:15:02 Loading main app package /usr/lib/obsidian/obsidian.asar
2023-12-11 16:15:03 Checking for update using Github
2023-12-11 16:15:03 Success.
2023-12-11 16:15:03 Latest version is 1.4.16
2023-12-11 16:15:03 App is up to date.
2023-12-11 17:15:02 Checking for update using Github
2023-12-11 17:15:02 Success.
2023-12-11 17:15:02 Latest version is 1.4.16
2023-12-11 17:15:02 App is up to date.
2023-12-11 18:15:02 Checking for update using Github
2023-12-11 18:15:02 Success.
2023-12-11 18:15:02 Latest version is 1.4.16
2023-12-11 18:15:02 App is up to date.
2023-12-11 19:15:02 Checking for update using Github
2023-12-11 19:15:02 Success.
2023-12-11 19:15:02 Latest version is 1.4.16
2023-12-11 19:15:02 App is up to date.
2023-12-16 10:08:04 Loading main app package /usr/lib/obsidian/obsidian.asar
2023-12-16 10:08:05 Checking for update using Github
2023-12-16 10:08:05 Success.
2023-12-16 10:08:05 Latest version is 1.4.16
2023-12-16 10:08:05 App is up to date.
2023-12-17 12:37:34 Loading main app package /usr/lib/obsidian/obsidian.asar
2023-12-17 12:37:35 Checking for update using Github
2023-12-17 12:37:35 Success.
2023-12-17 12:37:35 Latest version is 1.4.16
2023-12-17 12:37:35 App is up to date.
2023-12-17 13:37:34 Checking for update using Github
2023-12-17 13:37:34 Success.
2023-12-17 13:37:34 Latest version is 1.4.16
2023-12-17 13:37:34 App is up to date.
2023-12-17 14:47:57 Checking for update using Github
2023-12-17 14:47:57 Success.
2023-12-17 14:47:57 Latest version is 1.4.16
2023-12-17 14:47:57 App is up to date.
2023-12-17 15:51:00 Checking for update using Github
2023-12-17 15:51:00 Success.
2023-12-17 15:51:00 Latest version is 1.4.16
2023-12-17 15:51:00 App is up to date.
2023-12-17 16:51:00 Checking for update using Github
2023-12-17 16:51:00 Success.
2023-12-17 16:51:00 Latest version is 1.4.16
2023-12-17 16:51:00 App is up to date.
2023-12-17 17:51:00 Checking for update using Github
2023-12-17 17:51:00 Success.
2023-12-17 17:51:00 Latest version is 1.4.16
2023-12-17 17:51:00 App is up to date.
2023-12-17 18:51:00 Checking for update using Github
2023-12-17 18:51:00 Success.
2023-12-17 18:51:00 Latest version is 1.4.16
2023-12-17 18:51:00 App is up to date.
2023-12-26 09:24:03 Loading main app package /usr/lib/obsidian/obsidian.asar
2023-12-26 09:24:03 Checking for update using Github
2023-12-26 09:24:04 Success.
2023-12-26 09:24:04 Latest version is 1.5.3
2023-12-26 09:24:04 Downloading update from https://github.com/obsidianmd/obsidian-releases/releases/download/v1.5.3/obsidian-1.5.3.asar.gz
2023-12-26 09:24:04 Verifying hash & signature. Size= 8515395
2023-12-26 09:24:04 Saving file
2023-12-26 09:24:05 Update complete.
2023-12-27 10:24:59 Checking for update using Github
2023-12-27 10:24:59 Success.
2023-12-27 10:24:59 Latest version is 1.5.3
2023-12-27 10:24:59 An update is already downloaded.
